<?xml version="1.0" encoding="UTF-8"?>
<!-- Generated by org.testng.reporters.JUnitXMLReporter -->
<testsuite ignored="3" hostname="LAPTOP-2KH202OE" failures="0" tests="3" name="FirefoxTest" time="26.648" errors="0" timestamp="2025-09-15T10:19:20 IST">
  <testcase classname="testScript.LoginTest" name="verifyLoginWithInvalidUsernamePassword" time="1.206"/>
  <testcase classname="testScript.LoginTest" name="verifyLoginWithInvalidUsernamePassword" time="1.256"/>
  <testcase classname="testScript.LoginTest" name="verifyLoginWithInvalidUsernamePassword" time="1.276"/>
  <testcase classname="testScript.LoginTest" name="verifyLoginWithValidCredentials" time="0.0">
    <ignored/>
  </testcase> <!-- verifyLoginWithValidCredentials -->
  <testcase classname="testScript.LoginTest" name="verifyLoginWithInvalidUsername" time="0.0">
    <ignored/>
  </testcase> <!-- verifyLoginWithInvalidUsername -->
  <testcase classname="testScript.LoginTest" name="verifyLoginWithInvalidPassword" time="0.0">
    <ignored/>
  </testcase> <!-- verifyLoginWithInvalidPassword -->
</testsuite> <!-- FirefoxTest -->
