<?xml version="1.0" encoding="UTF-8"?>
<!-- Generated by org.testng.reporters.JUnitXMLReporter -->
<testsuite ignored="0" hostname="LAPTOP-2KH202OE" failures="6" tests="10" name="Test" time="86.132" errors="0" timestamp="2025-09-10T10:26:28 IST">
  <testcase classname="testScript.HomeTest" name="verifyLogOut" time="2.293">
    <failure type="java.lang.NullPointerException" message="Cannot invoke &amp;quot;org.openqa.selenium.WebElement.click()&amp;quot; because &amp;quot;this.adminIcon&amp;quot; is null">
      <![CDATA[java.lang.NullPointerException: Cannot invoke "org.openqa.selenium.WebElement.click()" because "this.adminIcon" is null
at Pages.HomePage.clickAdminIcon(HomePage.java:16)
at testScript.HomeTest.verifyLogOut(HomeTest.java:30)
at java.base/java.util.ArrayList.forEach(ArrayList.java:1596)
... Removed 25 stack frames]]>
    </failure>
  </testcase> <!-- verifyLogOut -->
  <testcase classname="testScript.ManageNewsTest" name="verifyAddNews" time="0.993">
    <failure type="java.lang.NullPointerException" message="Cannot invoke &amp;quot;org.openqa.selenium.WebElement.click()&amp;quot; because &amp;quot;this.managenewstile&amp;quot; is null">
      <![CDATA[java.lang.NullPointerException: Cannot invoke "org.openqa.selenium.WebElement.click()" because "this.managenewstile" is null
at Pages.ManageNewsPage.clickManageNewsTile(ManageNewsPage.java:16)
at testScript.ManageNewsTest.verifyAddNews(ManageNewsTest.java:30)
at java.base/java.util.ArrayList.forEach(ArrayList.java:1596)
... Removed 25 stack frames]]>
    </failure>
  </testcase> <!-- verifyAddNews -->
  <testcase classname="testScript.ManageNewsTest" name="verifyHomeLink" time="1.669">
    <failure type="java.lang.NullPointerException" message="Cannot invoke &amp;quot;org.openqa.selenium.WebElement.click()&amp;quot; because &amp;quot;this.managenewstile&amp;quot; is null">
      <![CDATA[java.lang.NullPointerException: Cannot invoke "org.openqa.selenium.WebElement.click()" because "this.managenewstile" is null
at Pages.ManageNewsPage.clickManageNewsTile(ManageNewsPage.java:16)
at testScript.ManageNewsTest.verifyHomeLink(ManageNewsTest.java:93)
at java.base/java.util.ArrayList.forEach(ArrayList.java:1596)
... Removed 25 stack frames]]>
    </failure>
  </testcase> <!-- verifyHomeLink -->
  <testcase classname="testScript.ManageNewsTest" name="verifySearchNewsResetButton" time="0.689">
    <failure type="java.lang.NullPointerException" message="Cannot invoke &amp;quot;org.openqa.selenium.WebElement.click()&amp;quot; because &amp;quot;this.managenewstile&amp;quot; is null">
      <![CDATA[java.lang.NullPointerException: Cannot invoke "org.openqa.selenium.WebElement.click()" because "this.managenewstile" is null
at Pages.ManageNewsPage.clickManageNewsTile(ManageNewsPage.java:16)
at testScript.ManageNewsTest.verifySearchNewsResetButton(ManageNewsTest.java:72)
at java.base/java.util.ArrayList.forEach(ArrayList.java:1596)
... Removed 25 stack frames]]>
    </failure>
  </testcase> <!-- verifySearchNewsResetButton -->
  <testcase classname="testScript.ManageNewsTest" name="verifySearchNewsSearchButton" time="0.553">
    <failure type="java.lang.NullPointerException" message="Cannot invoke &amp;quot;org.openqa.selenium.WebElement.click()&amp;quot; because &amp;quot;this.managenewstile&amp;quot; is null">
      <![CDATA[java.lang.NullPointerException: Cannot invoke "org.openqa.selenium.WebElement.click()" because "this.managenewstile" is null
at Pages.ManageNewsPage.clickManageNewsTile(ManageNewsPage.java:16)
at testScript.ManageNewsTest.verifySearchNewsSearchButton(ManageNewsTest.java:50)
at java.base/java.util.ArrayList.forEach(ArrayList.java:1596)
... Removed 25 stack frames]]>
    </failure>
  </testcase> <!-- verifySearchNewsSearchButton -->
  <testcase classname="testScript.LoginTest" name="verifyLoginWithValidCredentials" time="1.43"/>
  <testcase classname="testScript.LoginTest" name="verifyLoginWithInvalidUsername" time="0.825"/>
  <testcase classname="testScript.LoginTest" name="verifyLoginWithInvalidPassword" time="1.005"/>
  <testcase classname="testScript.LoginTest" name="verifyLoginWithInvalidUsernamePassword" time="0.993"/>
  <testcase classname="testScript.AdminTest" name="verifyAddUser" time="0.784">
    <failure type="java.lang.NullPointerException" message="Cannot invoke &amp;quot;org.openqa.selenium.WebElement.click()&amp;quot; because &amp;quot;this.adminMoreInfo&amp;quot; is null">
      <![CDATA[java.lang.NullPointerException: Cannot invoke "org.openqa.selenium.WebElement.click()" because "this.adminMoreInfo" is null
at Pages.AdminPage.clickAdminMoreInfo(AdminPage.java:17)
at testScript.AdminTest.verifyAddUser(AdminTest.java:33)
at java.base/java.util.ArrayList.forEach(ArrayList.java:1596)
... Removed 25 stack frames]]>
    </failure>
  </testcase> <!-- verifyAddUser -->
</testsuite> <!-- Test -->
